<?xml version="1.0" encoding="UTF-8"?>
<!-- Generated by org.testng.reporters.JUnitReportReporter -->
<testsuite hostname="SAMNIVETHA-DELL" failures="0" tests="1" name="Popups.FileUploadPopupTest" time="6.806" errors="0" timestamp="2024-10-25T16:43:07 IST" skipped="0">
  <testcase classname="Popups.FileUploadPopupTest" name="testCase" time="6.806"/>
  <system-out/>
</testsuite> <!-- Popups.FileUploadPopupTest -->
