<?xml version="1.0" encoding="UTF-8"?>
<!-- Generated by org.testng.reporters.JUnitReportReporter -->
<testsuite hostname="SAMNIVETHA-DELL" failures="0" tests="1" name="SeleniumPractice.ActionsTestClass" time="0.284" errors="0" timestamp="2024-10-18T16:02:16 IST" skipped="0">
  <testcase classname="SeleniumPractice.ActionsTestClass" name="tesCase" time="0.284"/>
  <system-out/>
</testsuite> <!-- SeleniumPractice.ActionsTestClass -->
