<?xml version="1.0" encoding="UTF-8"?>
<!-- Generated by org.testng.reporters.JUnitReportReporter -->
<testsuite hostname="SAMNIVETHA-DELL" failures="0" tests="1" name="SeleniumPractice.Program2Test" time="8.843" errors="0" timestamp="2024-10-23T15:51:13 IST" skipped="0">
  <testcase classname="SeleniumPractice.Program2Test" name="testCase3" time="8.843"/>
  <system-out/>
</testsuite> <!-- SeleniumPractice.Program2Test -->
