<?xml version="1.0" encoding="UTF-8"?>
<!-- Generated by org.testng.reporters.JUnitReportReporter -->
<testsuite hostname="SAMNIVETHA-DELL" failures="0" tests="1" name="SeleniumPractice.ScreenShotTestClass" time="0.280" errors="0" timestamp="2024-10-18T16:34:07 IST" skipped="0">
  <testcase classname="SeleniumPractice.ScreenShotTestClass" name="testCase1" time="0.280"/>
  <system-out/>
</testsuite> <!-- SeleniumPractice.ScreenShotTestClass -->
