<?xml version="1.0" encoding="UTF-8"?>
<!-- Generated by org.testng.reporters.JUnitReportReporter -->
<testsuite hostname="SAMNIVETHA-DELL" failures="0" tests="1" name="SeleniumPractice.ExtentReportScreenShot" time="11.116" errors="0" timestamp="2024-10-24T17:43:24 IST" skipped="0">
  <testcase classname="SeleniumPractice.ExtentReportScreenShot" name="testCase" time="11.116"/>
  <system-out/>
</testsuite> <!-- SeleniumPractice.ExtentReportScreenShot -->
