<?xml version="1.0" encoding="UTF-8"?>
<!-- Generated by org.testng.reporters.JUnitReportReporter -->
<testsuite hostname="SAMNIVETHA-DELL" failures="0" tests="1" name="Popups.NotificationPopup" time="10.805" errors="0" timestamp="2024-10-25T17:50:04 IST" skipped="0">
  <testcase classname="Popups.NotificationPopup" name="testCase" time="10.805"/>
  <system-out/>
</testsuite> <!-- Popups.NotificationPopup -->
