<?xml version="1.0" encoding="UTF-8"?>
<!-- Generated by org.testng.reporters.JUnitReportReporter -->
<testsuite hostname="SAMNIVETHA-DELL" failures="0" tests="1" name="SeleniumPractice.ExtentReport" time="1.538" errors="0" timestamp="2024-10-24T17:30:27 IST" skipped="0">
  <testcase classname="SeleniumPractice.ExtentReport" name="testCase" time="1.538"/>
  <system-out/>
</testsuite> <!-- SeleniumPractice.ExtentReport -->
