<?xml version="1.0" encoding="UTF-8"?>
<!-- Generated by org.testng.reporters.JUnitReportReporter -->
<testsuite hostname="SAMNIVETHA-DELL" failures="0" tests="1" name="Popups.Naukri" time="5.744" errors="0" timestamp="2024-10-25T16:45:47 IST" skipped="0">
  <testcase classname="Popups.Naukri" name="testCase" time="5.744"/>
  <system-out/>
</testsuite> <!-- Popups.Naukri -->
