<?xml version="1.0" encoding="UTF-8"?>
<!-- Generated by org.testng.reporters.JUnitReportReporter -->
<testsuite hostname="SAMNIVETHA-DELL" failures="0" tests="1" name="Popups.HiddenDivisionPopup" time="17.503" errors="0" timestamp="2024-10-25T15:09:05 IST" skipped="0">
  <testcase classname="Popups.HiddenDivisionPopup" name="testCase" time="17.503"/>
  <system-out/>
</testsuite> <!-- Popups.HiddenDivisionPopup -->
