<?xml version="1.0" encoding="UTF-8"?>
<!-- Generated by org.testng.reporters.JUnitReportReporter -->
<testsuite hostname="SAMNIVETHA-DELL" failures="0" tests="1" name="SeleniumPractice.SelectTestClass" time="0.319" errors="0" timestamp="2024-10-18T15:41:18 IST" skipped="0">
  <testcase classname="SeleniumPractice.SelectTestClass" name="testCase5" time="0.319"/>
  <system-out/>
</testsuite> <!-- SeleniumPractice.SelectTestClass -->
