<?xml version="1.0" encoding="UTF-8"?>
<!-- Generated by org.testng.reporters.JUnitReportReporter -->
<testsuite hostname="SAMNIVETHA-DELL" failures="0" tests="2" name="SeleniumPractice.Program1Test" time="10.841" errors="0" timestamp="2024-10-10T16:01:48 IST" skipped="0">
  <testcase classname="SeleniumPractice.Program1Test" name="testCase1" time="6.252"/>
  <system-out/>
  <testcase classname="SeleniumPractice.Program1Test" name="testCase2" time="4.589"/>
  <system-out/>
</testsuite> <!-- SeleniumPractice.Program1Test -->
